[{"line":1,"elements":[{"start_timestamp":"2023-04-19T14:02:06.426Z","before":[{"result":{"duration":5025308200,"status":"passed"},"match":{"location":"com.neotech.steps.Hooks.start()"}}],"line":4,"name":"Valid Admin Login","description":"","id":"login-functionality;valid-admin-login","after":[{"result":{"error_message":"org.openqa.selenium.NoSuchWindowException: no such window: target window already closed\nfrom unknown error: web view not found\n  (Session info: chrome=112.0.5615.122)\nBuild info: version: '4.8.0', revision: '267030adea'\nSystem info: os.name: 'Windows 11', os.arch: 'amd64', os.version: '10.0', java.version: '18.0.2.1'\nDriver info: org.openqa.selenium.chrome.ChromeDriver\nCommand: [db28f4b0301d9d09be63f61e1459a38a, screenshot {}]\nCapabilities {acceptInsecureCerts: false, browserName: chrome, browserVersion: 112.0.5615.122, chrome: {chromedriverVersion: 112.0.5615.49 (bd2a7bcb881c..., userDataDir: C:\\Users\\canke\\AppData\\Loca...}, goog:chromeOptions: {debuggerAddress: localhost:49900}, networkConnectionEnabled: false, pageLoadStrategy: normal, platformName: WINDOWS, proxy: Proxy(), se:cdp: ws://localhost:49900/devtoo..., se:cdpVersion: 112.0.5615.122, setWindowRect: true, strictFileInteractability: false, timeouts: {implicit: 0, pageLoad: 300000, script: 30000}, unhandledPromptBehavior: dismiss and notify, webauthn:extension:credBlob: true, webauthn:extension:largeBlob: true, webauthn:extension:minPinLength: true, webauthn:extension:prf: true, webauthn:virtualAuthenticators: true}\nSession ID: db28f4b0301d9d09be63f61e1459a38a\r\n\tat java.base/jdk.internal.reflect.DirectConstructorHandleAccessor.newInstance(DirectConstructorHandleAccessor.java:67)\r\n\tat java.base/java.lang.reflect.Constructor.newInstanceWithCaller(Constructor.java:499)\r\n\tat java.base/java.lang.reflect.Constructor.newInstance(Constructor.java:483)\r\n\tat org.openqa.selenium.remote.codec.w3c.W3CHttpResponseCodec.createException(W3CHttpResponseCodec.java:200)\r\n\tat org.openqa.selenium.remote.codec.w3c.W3CHttpResponseCodec.decode(W3CHttpResponseCodec.java:133)\r\n\tat org.openqa.selenium.remote.codec.w3c.W3CHttpResponseCodec.decode(W3CHttpResponseCodec.java:53)\r\n\tat org.openqa.selenium.remote.HttpCommandExecutor.execute(HttpCommandExecutor.java:184)\r\n\tat org.openqa.selenium.remote.service.DriverCommandExecutor.invokeExecute(DriverCommandExecutor.java:167)\r\n\tat org.openqa.selenium.remote.service.DriverCommandExecutor.execute(DriverCommandExecutor.java:142)\r\n\tat org.openqa.selenium.remote.RemoteWebDriver.execute(RemoteWebDriver.java:543)\r\n\tat org.openqa.selenium.remote.RemoteWebDriver.execute(RemoteWebDriver.java:598)\r\n\tat org.openqa.selenium.remote.RemoteWebDriver.execute(RemoteWebDriver.java:602)\r\n\tat org.openqa.selenium.remote.RemoteWebDriver.getScreenshotAs(RemoteWebDriver.java:318)\r\n\tat com.neotech.utils.CommonMethods.takeScreenshot(CommonMethods.java:340)\r\n\tat com.neotech.steps.Hooks.end(Hooks.java:28)\r\n","duration":36007500,"status":"failed"},"match":{"location":"com.neotech.steps.Hooks.end(io.cucumber.java.Scenario)"}}],"type":"scenario","keyword":"Scenario","steps":[{"result":{"duration":112247700,"status":"passed"},"line":6,"name":"I enter a valid username","match":{"location":"com.neotech.steps.LoginSteps.i_enter_a_valid_username()"},"keyword":"When "},{"result":{"duration":94016800,"status":"passed"},"line":7,"name":"I enter a valid password","match":{"location":"com.neotech.steps.LoginSteps.i_enter_a_valid_password()"},"keyword":"And "},{"result":{"error_message":"org.openqa.selenium.NoSuchElementException: Cannot locate option with text: 2020-2021\nFor documentation on this error, please visit: https://selenium.dev/exceptions/#no_such_element\nBuild info: version: '4.8.0', revision: '267030adea'\nSystem info: os.name: 'Windows 11', os.arch: 'amd64', os.version: '10.0', java.version: '18.0.2.1'\nDriver info: driver.version: unknown\r\n\tat org.openqa.selenium.support.ui.Select.selectByVisibleText(Select.java:153)\r\n\tat com.neotech.steps.LoginSteps.i_select_the_academic_year(LoginSteps.java:34)\r\n\tat âœ½.I select the academic year(file:///C:/Users/canke/eclipse-workspace/SIS_Framework/src/test/resources/features/Login.feature:8)\r\n","duration":84723200,"status":"failed"},"line":8,"name":"I select the academic year","match":{"location":"com.neotech.steps.LoginSteps.i_select_the_academic_year()"},"keyword":"And "},{"result":{"status":"skipped"},"line":9,"name":"I click on the login button","match":{"location":"com.neotech.steps.LoginSteps.i_click_on_the_login_button()"},"keyword":"And "},{"result":{"status":"skipped"},"line":10,"name":"I validate that I am logged in","match":{"location":"com.neotech.steps.LoginSteps.i_validate_that_i_am_logged_in()"},"keyword":"Then "}],"tags":[{"name":"@smoke"},{"name":"@regression"},{"name":"@login"}]}],"name":"Login Functionality","description":"","id":"login-functionality","keyword":"Feature","uri":"file:src/test/resources/features/Login.feature","tags":[]}]